Performing Curl Test HAVE_FCNTL_O_NONBLOCK failed with the following output:
Change Dir: 'D:/VSCode/PageTitle/PageTitle/build/CMakeFiles/CMakeTmp'

Run Build Command(s): "C:/Program Files/CMake/bin/cmake.exe" -E env VERBOSE=1 C:/msys64/ucrt64/bin/mingw32-make.exe -f Makefile cmTC_1e28e/fast
C:/msys64/ucrt64/bin/mingw32-make.exe  -f CMakeFiles\cmTC_1e28e.dir\build.make CMakeFiles/cmTC_1e28e.dir/build
mingw32-make[1]: Entering directory 'D:/VSCode/PageTitle/PageTitle/build/CMakeFiles/CMakeTmp'
Building C object CMakeFiles/cmTC_1e28e.dir/CurlTests.c.obj
C:\msys64\ucrt64\bin\gcc.exe   -W -Wall -pedantic -Wbad-function-cast -Wconversion -Winline -Wmissing-declarations -Wmissing-prototypes -Wnested-externs -Wno-long-long -Wno-multichar -Wpointer-arith -Wshadow -Wsign-compare -Wundef -Wunused -Wwrite-strings -Wcast-align -Wdeclaration-after-statement -Wempty-body -Wendif-labels -Wfloat-equal -Wignored-qualifiers -Wno-format-nonliteral -Wno-sign-conversion -Wno-system-headers -Wstrict-prototypes -Wtype-limits -Wvla -Wmissing-parameter-type -Wold-style-declaration -Wstrict-aliasing=3 -Wno-pedantic-ms-format -Wformat=2 -Warray-bounds=2 -ftree-vrp -Wduplicated-cond -Wnull-dereference -fdelete-null-pointer-checks -Wshift-negative-value -Wshift-overflow=2 -Walloc-zero -Wduplicated-branches -Wformat-overflow=2 -Wformat-truncation=1 -Wrestrict -Warith-conversion -Wdouble-promotion -Wenum-conversion -Wunused-const-variable -DHAVE_FCNTL_O_NONBLOCK  -DHAVE_WINDOWS_H -DHAVE_WS2TCPIP_H -DHAVE_WINSOCK2_H -DHAVE_INTTYPES_H -DHAVE_SYS_STAT_H -DHAVE_SYS_TYPES_H -DHAVE_SYS_UTIME_H -DHAVE_FCNTL_H -DHAVE_IO_H -DHAVE_LIBGEN_H -DHAVE_LOCALE_H -DHAVE_STDATOMIC_H -DHAVE_STDBOOL_H -DHAVE_STDINT_H -DHAVE_UNISTD_H -o CMakeFiles\cmTC_1e28e.dir\CurlTests.c.obj -c D:\VSCode\PageTitle\PageTitle\build\_deps\curl-src\CMake\CurlTests.c
D:\VSCode\PageTitle\PageTitle\build\_deps\curl-src\CMake\CurlTests.c:49:1: warning: function declaration isn't a prototype [-Wstrict-prototypes]
   49 | main ()
      | ^~~~
D:\VSCode\PageTitle\PageTitle\build\_deps\curl-src\CMake\CurlTests.c: In function 'main':
D:\VSCode\PageTitle\PageTitle\build\_deps\curl-src\CMake\CurlTests.c:53:15: warning: implicit declaration of function 'fcntl' [-Wimplicit-function-declaration]
   53 |       if(0 != fcntl(0, F_SETFL, flags | O_NONBLOCK))
      |               ^~~~~
D:\VSCode\PageTitle\PageTitle\build\_deps\curl-src\CMake\CurlTests.c:53:15: warning: nested extern declaration of 'fcntl' [-Wnested-externs]
D:\VSCode\PageTitle\PageTitle\build\_deps\curl-src\CMake\CurlTests.c:53:24: error: 'F_SETFL' undeclared (first use in this function)
   53 |       if(0 != fcntl(0, F_SETFL, flags | O_NONBLOCK))
      |                        ^~~~~~~
D:\VSCode\PageTitle\PageTitle\build\_deps\curl-src\CMake\CurlTests.c:53:24: note: each undeclared identifier is reported only once for each function it appears in
D:\VSCode\PageTitle\PageTitle\build\_deps\curl-src\CMake\CurlTests.c:53:41: error: 'O_NONBLOCK' undeclared (first use in this function)
   53 |       if(0 != fcntl(0, F_SETFL, flags | O_NONBLOCK))
      |                                         ^~~~~~~~~~
mingw32-make[1]: *** [CMakeFiles\cmTC_1e28e.dir\build.make:77: CMakeFiles/cmTC_1e28e.dir/CurlTests.c.obj] Error 1
mingw32-make[1]: Leaving directory 'D:/VSCode/PageTitle/PageTitle/build/CMakeFiles/CMakeTmp'
mingw32-make: *** [Makefile:126: cmTC_1e28e/fast] Error 2


Performing Curl Test HAVE_IOCTLSOCKET_CAMEL failed with the following output:
Change Dir: 'D:/VSCode/PageTitle/PageTitle/build/CMakeFiles/CMakeTmp'

Run Build Command(s): "C:/Program Files/CMake/bin/cmake.exe" -E env VERBOSE=1 C:/msys64/ucrt64/bin/mingw32-make.exe -f Makefile cmTC_5348e/fast
C:/msys64/ucrt64/bin/mingw32-make.exe  -f CMakeFiles\cmTC_5348e.dir\build.make CMakeFiles/cmTC_5348e.dir/build
mingw32-make[1]: Entering directory 'D:/VSCode/PageTitle/PageTitle/build/CMakeFiles/CMakeTmp'
Building C object CMakeFiles/cmTC_5348e.dir/CurlTests.c.obj
C:\msys64\ucrt64\bin\gcc.exe   -W -Wall -pedantic -Wbad-function-cast -Wconversion -Winline -Wmissing-declarations -Wmissing-prototypes -Wnested-externs -Wno-long-long -Wno-multichar -Wpointer-arith -Wshadow -Wsign-compare -Wundef -Wunused -Wwrite-strings -Wcast-align -Wdeclaration-after-statement -Wempty-body -Wendif-labels -Wfloat-equal -Wignored-qualifiers -Wno-format-nonliteral -Wno-sign-conversion -Wno-system-headers -Wstrict-prototypes -Wtype-limits -Wvla -Wmissing-parameter-type -Wold-style-declaration -Wstrict-aliasing=3 -Wno-pedantic-ms-format -Wformat=2 -Warray-bounds=2 -ftree-vrp -Wduplicated-cond -Wnull-dereference -fdelete-null-pointer-checks -Wshift-negative-value -Wshift-overflow=2 -Walloc-zero -Wduplicated-branches -Wformat-overflow=2 -Wformat-truncation=1 -Wrestrict -Warith-conversion -Wdouble-promotion -Wenum-conversion -Wunused-const-variable -DHAVE_IOCTLSOCKET_CAMEL  -DHAVE_WINDOWS_H -DHAVE_WS2TCPIP_H -DHAVE_WINSOCK2_H -DHAVE_INTTYPES_H -DHAVE_SYS_STAT_H -DHAVE_SYS_TYPES_H -DHAVE_SYS_UTIME_H -DHAVE_FCNTL_H -DHAVE_IO_H -DHAVE_LIBGEN_H -DHAVE_LOCALE_H -DHAVE_STDATOMIC_H -DHAVE_STDBOOL_H -DHAVE_STDINT_H -DHAVE_UNISTD_H -o CMakeFiles\cmTC_5348e.dir\CurlTests.c.obj -c D:\VSCode\PageTitle\PageTitle\build\_deps\curl-src\CMake\CurlTests.c
D:\VSCode\PageTitle\PageTitle\build\_deps\curl-src\CMake\CurlTests.c:224:1: warning: function declaration isn't a prototype [-Wstrict-prototypes]
  224 | main ()
      | ^~~~
D:\VSCode\PageTitle\PageTitle\build\_deps\curl-src\CMake\CurlTests.c: In function 'main':
D:\VSCode\PageTitle\PageTitle\build\_deps\curl-src\CMake\CurlTests.c:228:13: warning: implicit declaration of function 'IoctlSocket'; did you mean 'ioctlsocket'? [-Wimplicit-function-declaration]
  228 |     if(0 != IoctlSocket(0, 0, 0))
      |             ^~~~~~~~~~~
      |             ioctlsocket
D:\VSCode\PageTitle\PageTitle\build\_deps\curl-src\CMake\CurlTests.c:228:13: warning: nested extern declaration of 'IoctlSocket' [-Wnested-externs]
Linking C executable cmTC_5348e.exe
"C:\Program Files\CMake\bin\cmake.exe" -E cmake_link_script CMakeFiles\cmTC_5348e.dir\link.txt --verbose=1
"C:\Program Files\CMake\bin\cmake.exe" -E rm -f CMakeFiles\cmTC_5348e.dir/objects.a
C:\msys64\ucrt64\bin\ar.exe qc CMakeFiles\cmTC_5348e.dir/objects.a @CMakeFiles\cmTC_5348e.dir\objects1.rsp
C:\msys64\ucrt64\bin\gcc.exe   -W -Wall -pedantic -Wbad-function-cast -Wconversion -Winline -Wmissing-declarations -Wmissing-prototypes -Wnested-externs -Wno-long-long -Wno-multichar -Wpointer-arith -Wshadow -Wsign-compare -Wundef -Wunused -Wwrite-strings -Wcast-align -Wdeclaration-after-statement -Wempty-body -Wendif-labels -Wfloat-equal -Wignored-qualifiers -Wno-format-nonliteral -Wno-sign-conversion -Wno-system-headers -Wstrict-prototypes -Wtype-limits -Wvla -Wmissing-parameter-type -Wold-style-declaration -Wstrict-aliasing=3 -Wno-pedantic-ms-format -Wformat=2 -Warray-bounds=2 -ftree-vrp -Wduplicated-cond -Wnull-dereference -fdelete-null-pointer-checks -Wshift-negative-value -Wshift-overflow=2 -Walloc-zero -Wduplicated-branches -Wformat-overflow=2 -Wformat-truncation=1 -Wrestrict -Warith-conversion -Wdouble-promotion -Wenum-conversion -Wunused-const-variable -DHAVE_IOCTLSOCKET_CAMEL  -DHAVE_WINDOWS_H -DHAVE_WS2TCPIP_H -DHAVE_WINSOCK2_H -DHAVE_INTTYPES_H -DHAVE_SYS_STAT_H -DHAVE_SYS_TYPES_H -DHAVE_SYS_UTIME_H -DHAVE_FCNTL_H -DHAVE_IO_H -DHAVE_LIBGEN_H -DHAVE_LOCALE_H -DHAVE_STDATOMIC_H -DHAVE_STDBOOL_H -DHAVE_STDINT_H -DHAVE_UNISTD_H -Wl,--whole-archive CMakeFiles\cmTC_5348e.dir/objects.a -Wl,--no-whole-archive -o cmTC_5348e.exe -Wl,--out-implib,libcmTC_5348e.dll.a -Wl,--major-image-version,0,--minor-image-version,0 @CMakeFiles\cmTC_5348e.dir\linkLibs.rsp
C:/msys64/ucrt64/bin/../lib/gcc/x86_64-w64-mingw32/13.2.0/../../../../x86_64-w64-mingw32/bin/ld.exe: CMakeFiles\cmTC_5348e.dir/objects.a(CurlTests.c.obj):CurlTests.c:(.text+0x1e): undefined reference to `IoctlSocket'
collect2.exe: error: ld returned 1 exit status
mingw32-make[1]: *** [CMakeFiles\cmTC_5348e.dir\build.make:100: cmTC_5348e.exe] Error 1
mingw32-make[1]: Leaving directory 'D:/VSCode/PageTitle/PageTitle/build/CMakeFiles/CMakeTmp'
mingw32-make: *** [Makefile:126: cmTC_5348e/fast] Error 2


Performing Curl Test HAVE_IOCTLSOCKET_CAMEL_FIONBIO failed with the following output:
Change Dir: 'D:/VSCode/PageTitle/PageTitle/build/CMakeFiles/CMakeTmp'

Run Build Command(s): "C:/Program Files/CMake/bin/cmake.exe" -E env VERBOSE=1 C:/msys64/ucrt64/bin/mingw32-make.exe -f Makefile cmTC_1fc84/fast
C:/msys64/ucrt64/bin/mingw32-make.exe  -f CMakeFiles\cmTC_1fc84.dir\build.make CMakeFiles/cmTC_1fc84.dir/build
mingw32-make[1]: Entering directory 'D:/VSCode/PageTitle/PageTitle/build/CMakeFiles/CMakeTmp'
Building C object CMakeFiles/cmTC_1fc84.dir/CurlTests.c.obj
C:\msys64\ucrt64\bin\gcc.exe   -W -Wall -pedantic -Wbad-function-cast -Wconversion -Winline -Wmissing-declarations -Wmissing-prototypes -Wnested-externs -Wno-long-long -Wno-multichar -Wpointer-arith -Wshadow -Wsign-compare -Wundef -Wunused -Wwrite-strings -Wcast-align -Wdeclaration-after-statement -Wempty-body -Wendif-labels -Wfloat-equal -Wignored-qualifiers -Wno-format-nonliteral -Wno-sign-conversion -Wno-system-headers -Wstrict-prototypes -Wtype-limits -Wvla -Wmissing-parameter-type -Wold-style-declaration -Wstrict-aliasing=3 -Wno-pedantic-ms-format -Wformat=2 -Warray-bounds=2 -ftree-vrp -Wduplicated-cond -Wnull-dereference -fdelete-null-pointer-checks -Wshift-negative-value -Wshift-overflow=2 -Walloc-zero -Wduplicated-branches -Wformat-overflow=2 -Wformat-truncation=1 -Wrestrict -Warith-conversion -Wdouble-promotion -Wenum-conversion -Wunused-const-variable -DHAVE_IOCTLSOCKET_CAMEL_FIONBIO  -DHAVE_WINDOWS_H -DHAVE_WS2TCPIP_H -DHAVE_WINSOCK2_H -DHAVE_INTTYPES_H -DHAVE_SYS_STAT_H -DHAVE_SYS_TYPES_H -DHAVE_SYS_UTIME_H -DHAVE_FCNTL_H -DHAVE_IO_H -DHAVE_LIBGEN_H -DHAVE_LOCALE_H -DHAVE_STDATOMIC_H -DHAVE_STDBOOL_H -DHAVE_STDINT_H -DHAVE_UNISTD_H -o CMakeFiles\cmTC_1fc84.dir\CurlTests.c.obj -c D:\VSCode\PageTitle\PageTitle\build\_deps\curl-src\CMake\CurlTests.c
D:\VSCode\PageTitle\PageTitle\build\_deps\curl-src\CMake\CurlTests.c:247:1: warning: function declaration isn't a prototype [-Wstrict-prototypes]
  247 | main ()
      | ^~~~
D:\VSCode\PageTitle\PageTitle\build\_deps\curl-src\CMake\CurlTests.c: In function 'main':
D:\VSCode\PageTitle\PageTitle\build\_deps\curl-src\CMake\CurlTests.c:252:17: warning: implicit declaration of function 'IoctlSocket'; did you mean 'ioctlsocket'? [-Wimplicit-function-declaration]
  252 |         if(0 != IoctlSocket(0, FIONBIO, &flags))
      |                 ^~~~~~~~~~~
      |                 ioctlsocket
D:\VSCode\PageTitle\PageTitle\build\_deps\curl-src\CMake\CurlTests.c:252:17: warning: nested extern declaration of 'IoctlSocket' [-Wnested-externs]
Linking C executable cmTC_1fc84.exe
"C:\Program Files\CMake\bin\cmake.exe" -E cmake_link_script CMakeFiles\cmTC_1fc84.dir\link.txt --verbose=1
"C:\Program Files\CMake\bin\cmake.exe" -E rm -f CMakeFiles\cmTC_1fc84.dir/objects.a
C:\msys64\ucrt64\bin\ar.exe qc CMakeFiles\cmTC_1fc84.dir/objects.a @CMakeFiles\cmTC_1fc84.dir\objects1.rsp
C:\msys64\ucrt64\bin\gcc.exe   -W -Wall -pedantic -Wbad-function-cast -Wconversion -Winline -Wmissing-declarations -Wmissing-prototypes -Wnested-externs -Wno-long-long -Wno-multichar -Wpointer-arith -Wshadow -Wsign-compare -Wundef -Wunused -Wwrite-strings -Wcast-align -Wdeclaration-after-statement -Wempty-body -Wendif-labels -Wfloat-equal -Wignored-qualifiers -Wno-format-nonliteral -Wno-sign-conversion -Wno-system-headers -Wstrict-prototypes -Wtype-limits -Wvla -Wmissing-parameter-type -Wold-style-declaration -Wstrict-aliasing=3 -Wno-pedantic-ms-format -Wformat=2 -Warray-bounds=2 -ftree-vrp -Wduplicated-cond -Wnull-dereference -fdelete-null-pointer-checks -Wshift-negative-value -Wshift-overflow=2 -Walloc-zero -Wduplicated-branches -Wformat-overflow=2 -Wformat-truncation=1 -Wrestrict -Warith-conversion -Wdouble-promotion -Wenum-conversion -Wunused-const-variable -DHAVE_IOCTLSOCKET_CAMEL_FIONBIO  -DHAVE_WINDOWS_H -DHAVE_WS2TCPIP_H -DHAVE_WINSOCK2_H -DHAVE_INTTYPES_H -DHAVE_SYS_STAT_H -DHAVE_SYS_TYPES_H -DHAVE_SYS_UTIME_H -DHAVE_FCNTL_H -DHAVE_IO_H -DHAVE_LIBGEN_H -DHAVE_LOCALE_H -DHAVE_STDATOMIC_H -DHAVE_STDBOOL_H -DHAVE_STDINT_H -DHAVE_UNISTD_H -Wl,--whole-archive CMakeFiles\cmTC_1fc84.dir/objects.a -Wl,--no-whole-archive -o cmTC_1fc84.exe -Wl,--out-implib,libcmTC_1fc84.dll.a -Wl,--major-image-version,0,--minor-image-version,0 @CMakeFiles\cmTC_1fc84.dir\linkLibs.rsp
C:/msys64/ucrt64/bin/../lib/gcc/x86_64-w64-mingw32/13.2.0/../../../../x86_64-w64-mingw32/bin/ld.exe: CMakeFiles\cmTC_1fc84.dir/objects.a(CurlTests.c.obj):CurlTests.c:(.text+0x26): undefined reference to `IoctlSocket'
collect2.exe: error: ld returned 1 exit status
mingw32-make[1]: *** [CMakeFiles\cmTC_1fc84.dir\build.make:100: cmTC_1fc84.exe] Error 1
mingw32-make[1]: Leaving directory 'D:/VSCode/PageTitle/PageTitle/build/CMakeFiles/CMakeTmp'
mingw32-make: *** [Makefile:126: cmTC_1fc84/fast] Error 2


Performing Curl Test HAVE_IOCTL_FIONBIO failed with the following output:
Change Dir: 'D:/VSCode/PageTitle/PageTitle/build/CMakeFiles/CMakeTmp'

Run Build Command(s): "C:/Program Files/CMake/bin/cmake.exe" -E env VERBOSE=1 C:/msys64/ucrt64/bin/mingw32-make.exe -f Makefile cmTC_35489/fast
C:/msys64/ucrt64/bin/mingw32-make.exe  -f CMakeFiles\cmTC_35489.dir\build.make CMakeFiles/cmTC_35489.dir/build
mingw32-make[1]: Entering directory 'D:/VSCode/PageTitle/PageTitle/build/CMakeFiles/CMakeTmp'
Building C object CMakeFiles/cmTC_35489.dir/CurlTests.c.obj
C:\msys64\ucrt64\bin\gcc.exe   -W -Wall -pedantic -Wbad-function-cast -Wconversion -Winline -Wmissing-declarations -Wmissing-prototypes -Wnested-externs -Wno-long-long -Wno-multichar -Wpointer-arith -Wshadow -Wsign-compare -Wundef -Wunused -Wwrite-strings -Wcast-align -Wdeclaration-after-statement -Wempty-body -Wendif-labels -Wfloat-equal -Wignored-qualifiers -Wno-format-nonliteral -Wno-sign-conversion -Wno-system-headers -Wstrict-prototypes -Wtype-limits -Wvla -Wmissing-parameter-type -Wold-style-declaration -Wstrict-aliasing=3 -Wno-pedantic-ms-format -Wformat=2 -Warray-bounds=2 -ftree-vrp -Wduplicated-cond -Wnull-dereference -fdelete-null-pointer-checks -Wshift-negative-value -Wshift-overflow=2 -Walloc-zero -Wduplicated-branches -Wformat-overflow=2 -Wformat-truncation=1 -Wrestrict -Warith-conversion -Wdouble-promotion -Wenum-conversion -Wunused-const-variable -DHAVE_IOCTL_FIONBIO  -DHAVE_WINDOWS_H -DHAVE_WS2TCPIP_H -DHAVE_WINSOCK2_H -DHAVE_INTTYPES_H -DHAVE_SYS_STAT_H -DHAVE_SYS_TYPES_H -DHAVE_SYS_UTIME_H -DHAVE_FCNTL_H -DHAVE_IO_H -DHAVE_LIBGEN_H -DHAVE_LOCALE_H -DHAVE_STDATOMIC_H -DHAVE_STDBOOL_H -DHAVE_STDINT_H -DHAVE_UNISTD_H -o CMakeFiles\cmTC_35489.dir\CurlTests.c.obj -c D:\VSCode\PageTitle\PageTitle\build\_deps\curl-src\CMake\CurlTests.c
D:\VSCode\PageTitle\PageTitle\build\_deps\curl-src\CMake\CurlTests.c:302:1: warning: function declaration isn't a prototype [-Wstrict-prototypes]
  302 | main ()
      | ^~~~
D:\VSCode\PageTitle\PageTitle\build\_deps\curl-src\CMake\CurlTests.c: In function 'main':
D:\VSCode\PageTitle\PageTitle\build\_deps\curl-src\CMake\CurlTests.c:306:17: warning: implicit declaration of function 'ioctl' [-Wimplicit-function-declaration]
  306 |         if(0 != ioctl(0, FIONBIO, &flags))
      |                 ^~~~~
D:\VSCode\PageTitle\PageTitle\build\_deps\curl-src\CMake\CurlTests.c:306:17: warning: nested extern declaration of 'ioctl' [-Wnested-externs]
D:\VSCode\PageTitle\PageTitle\build\_deps\curl-src\CMake\CurlTests.c:306:26: error: 'FIONBIO' undeclared (first use in this function)
  306 |         if(0 != ioctl(0, FIONBIO, &flags))
      |                          ^~~~~~~
D:\VSCode\PageTitle\PageTitle\build\_deps\curl-src\CMake\CurlTests.c:306:26: note: each undeclared identifier is reported only once for each function it appears in
mingw32-make[1]: *** [CMakeFiles\cmTC_35489.dir\build.make:77: CMakeFiles/cmTC_35489.dir/CurlTests.c.obj] Error 1
mingw32-make[1]: Leaving directory 'D:/VSCode/PageTitle/PageTitle/build/CMakeFiles/CMakeTmp'
mingw32-make: *** [Makefile:126: cmTC_35489/fast] Error 2


Performing Curl Test HAVE_SETSOCKOPT_SO_NONBLOCK failed with the following output:
Change Dir: 'D:/VSCode/PageTitle/PageTitle/build/CMakeFiles/CMakeTmp'

Run Build Command(s): "C:/Program Files/CMake/bin/cmake.exe" -E env VERBOSE=1 C:/msys64/ucrt64/bin/mingw32-make.exe -f Makefile cmTC_d323c/fast
C:/msys64/ucrt64/bin/mingw32-make.exe  -f CMakeFiles\cmTC_d323c.dir\build.make CMakeFiles/cmTC_d323c.dir/build
mingw32-make[1]: Entering directory 'D:/VSCode/PageTitle/PageTitle/build/CMakeFiles/CMakeTmp'
Building C object CMakeFiles/cmTC_d323c.dir/CurlTests.c.obj
C:\msys64\ucrt64\bin\gcc.exe   -W -Wall -pedantic -Wbad-function-cast -Wconversion -Winline -Wmissing-declarations -Wmissing-prototypes -Wnested-externs -Wno-long-long -Wno-multichar -Wpointer-arith -Wshadow -Wsign-compare -Wundef -Wunused -Wwrite-strings -Wcast-align -Wdeclaration-after-statement -Wempty-body -Wendif-labels -Wfloat-equal -Wignored-qualifiers -Wno-format-nonliteral -Wno-sign-conversion -Wno-system-headers -Wstrict-prototypes -Wtype-limits -Wvla -Wmissing-parameter-type -Wold-style-declaration -Wstrict-aliasing=3 -Wno-pedantic-ms-format -Wformat=2 -Warray-bounds=2 -ftree-vrp -Wduplicated-cond -Wnull-dereference -fdelete-null-pointer-checks -Wshift-negative-value -Wshift-overflow=2 -Walloc-zero -Wduplicated-branches -Wformat-overflow=2 -Wformat-truncation=1 -Wrestrict -Warith-conversion -Wdouble-promotion -Wenum-conversion -Wunused-const-variable -DHAVE_SETSOCKOPT_SO_NONBLOCK  -DHAVE_WINDOWS_H -DHAVE_WS2TCPIP_H -DHAVE_WINSOCK2_H -DHAVE_INTTYPES_H -DHAVE_SYS_STAT_H -DHAVE_SYS_TYPES_H -DHAVE_SYS_UTIME_H -DHAVE_FCNTL_H -DHAVE_IO_H -DHAVE_LIBGEN_H -DHAVE_LOCALE_H -DHAVE_STDATOMIC_H -DHAVE_STDBOOL_H -DHAVE_STDINT_H -DHAVE_UNISTD_H -o CMakeFiles\cmTC_d323c.dir\CurlTests.c.obj -c D:\VSCode\PageTitle\PageTitle\build\_deps\curl-src\CMake\CurlTests.c
D:\VSCode\PageTitle\PageTitle\build\_deps\curl-src\CMake\CurlTests.c:365:1: warning: function declaration isn't a prototype [-Wstrict-prototypes]
  365 | main ()
      | ^~~~
D:\VSCode\PageTitle\PageTitle\build\_deps\curl-src\CMake\CurlTests.c: In function 'main':
D:\VSCode\PageTitle\PageTitle\build\_deps\curl-src\CMake\CurlTests.c:367:43: error: 'SO_NONBLOCK' undeclared (first use in this function)
  367 |         if(0 != setsockopt(0, SOL_SOCKET, SO_NONBLOCK, 0, 0))
      |                                           ^~~~~~~~~~~
D:\VSCode\PageTitle\PageTitle\build\_deps\curl-src\CMake\CurlTests.c:367:43: note: each undeclared identifier is reported only once for each function it appears in
mingw32-make[1]: *** [CMakeFiles\cmTC_d323c.dir\build.make:77: CMakeFiles/cmTC_d323c.dir/CurlTests.c.obj] Error 1
mingw32-make[1]: Leaving directory 'D:/VSCode/PageTitle/PageTitle/build/CMakeFiles/CMakeTmp'
mingw32-make: *** [Makefile:126: cmTC_d323c/fast] Error 2


Performing Curl Test HAVE_POSIX_STRERROR_R failed with the following output:
Change Dir: 'D:/VSCode/PageTitle/PageTitle/build/CMakeFiles/CMakeTmp'

Run Build Command(s): "C:/Program Files/CMake/bin/cmake.exe" -E env VERBOSE=1 C:/msys64/ucrt64/bin/mingw32-make.exe -f Makefile cmTC_3abad/fast
C:/msys64/ucrt64/bin/mingw32-make.exe  -f CMakeFiles\cmTC_3abad.dir\build.make CMakeFiles/cmTC_3abad.dir/build
mingw32-make[1]: Entering directory 'D:/VSCode/PageTitle/PageTitle/build/CMakeFiles/CMakeTmp'
Building C object CMakeFiles/cmTC_3abad.dir/CurlTests.c.obj
C:\msys64\ucrt64\bin\gcc.exe   -W -Wall -pedantic -Wbad-function-cast -Wconversion -Winline -Wmissing-declarations -Wmissing-prototypes -Wnested-externs -Wno-long-long -Wno-multichar -Wpointer-arith -Wshadow -Wsign-compare -Wundef -Wunused -Wwrite-strings -Wcast-align -Wdeclaration-after-statement -Wempty-body -Wendif-labels -Wfloat-equal -Wignored-qualifiers -Wno-format-nonliteral -Wno-sign-conversion -Wno-system-headers -Wstrict-prototypes -Wtype-limits -Wvla -Wmissing-parameter-type -Wold-style-declaration -Wstrict-aliasing=3 -Wno-pedantic-ms-format -Wformat=2 -Warray-bounds=2 -ftree-vrp -Wduplicated-cond -Wnull-dereference -fdelete-null-pointer-checks -Wshift-negative-value -Wshift-overflow=2 -Walloc-zero -Wduplicated-branches -Wformat-overflow=2 -Wformat-truncation=1 -Wrestrict -Warith-conversion -Wdouble-promotion -Wenum-conversion -Wunused-const-variable -DHAVE_POSIX_STRERROR_R  -DHAVE_WINDOWS_H -DHAVE_WS2TCPIP_H -DHAVE_WINSOCK2_H -DHAVE_INTTYPES_H -DHAVE_SYS_STAT_H -DHAVE_SYS_TYPES_H -DHAVE_SYS_UTIME_H -DHAVE_FCNTL_H -DHAVE_IO_H -DHAVE_LIBGEN_H -DHAVE_LOCALE_H -DHAVE_STDATOMIC_H -DHAVE_STDBOOL_H -DHAVE_STDINT_H -DHAVE_UNISTD_H -o CMakeFiles\cmTC_3abad.dir\CurlTests.c.obj -c D:\VSCode\PageTitle\PageTitle\build\_deps\curl-src\CMake\CurlTests.c
D:\VSCode\PageTitle\PageTitle\build\_deps\curl-src\CMake\CurlTests.c:392:6: warning: no previous prototype for 'check' [-Wmissing-prototypes]
  392 | void check(float f) {}
      |      ^~~~~
D:\VSCode\PageTitle\PageTitle\build\_deps\curl-src\CMake\CurlTests.c: In function 'check':
D:\VSCode\PageTitle\PageTitle\build\_deps\curl-src\CMake\CurlTests.c:392:18: warning: unused parameter 'f' [-Wunused-parameter]
  392 | void check(float f) {}
      |            ~~~~~~^
D:\VSCode\PageTitle\PageTitle\build\_deps\curl-src\CMake\CurlTests.c: At top level:
D:\VSCode\PageTitle\PageTitle\build\_deps\curl-src\CMake\CurlTests.c:395:1: warning: function declaration isn't a prototype [-Wstrict-prototypes]
  395 | main () {
      | ^~~~
D:\VSCode\PageTitle\PageTitle\build\_deps\curl-src\CMake\CurlTests.c: In function 'main':
D:\VSCode\PageTitle\PageTitle\build\_deps\curl-src\CMake\CurlTests.c:398:9: warning: implicit declaration of function 'strerror_r'; did you mean 'strerror_s'? [-Wimplicit-function-declaration]
  398 |   check(strerror_r(EACCES, buffer, sizeof(buffer)));
      |         ^~~~~~~~~~
      |         strerror_s
D:\VSCode\PageTitle\PageTitle\build\_deps\curl-src\CMake\CurlTests.c:398:9: warning: nested extern declaration of 'strerror_r' [-Wnested-externs]
D:\VSCode\PageTitle\PageTitle\build\_deps\curl-src\CMake\CurlTests.c:398:9: warning: conversion from 'int' to 'float' may change value [-Wconversion]
  398 |   check(strerror_r(EACCES, buffer, sizeof(buffer)));
      |         ^~~~~~~~~~~~~~~~~~~~~~~~~~~~~~~~~~~~~~~~~~
Linking C executable cmTC_3abad.exe
"C:\Program Files\CMake\bin\cmake.exe" -E cmake_link_script CMakeFiles\cmTC_3abad.dir\link.txt --verbose=1
"C:\Program Files\CMake\bin\cmake.exe" -E rm -f CMakeFiles\cmTC_3abad.dir/objects.a
C:\msys64\ucrt64\bin\ar.exe qc CMakeFiles\cmTC_3abad.dir/objects.a @CMakeFiles\cmTC_3abad.dir\objects1.rsp
C:\msys64\ucrt64\bin\gcc.exe   -W -Wall -pedantic -Wbad-function-cast -Wconversion -Winline -Wmissing-declarations -Wmissing-prototypes -Wnested-externs -Wno-long-long -Wno-multichar -Wpointer-arith -Wshadow -Wsign-compare -Wundef -Wunused -Wwrite-strings -Wcast-align -Wdeclaration-after-statement -Wempty-body -Wendif-labels -Wfloat-equal -Wignored-qualifiers -Wno-format-nonliteral -Wno-sign-conversion -Wno-system-headers -Wstrict-prototypes -Wtype-limits -Wvla -Wmissing-parameter-type -Wold-style-declaration -Wstrict-aliasing=3 -Wno-pedantic-ms-format -Wformat=2 -Warray-bounds=2 -ftree-vrp -Wduplicated-cond -Wnull-dereference -fdelete-null-pointer-checks -Wshift-negative-value -Wshift-overflow=2 -Walloc-zero -Wduplicated-branches -Wformat-overflow=2 -Wformat-truncation=1 -Wrestrict -Warith-conversion -Wdouble-promotion -Wenum-conversion -Wunused-const-variable -DHAVE_POSIX_STRERROR_R  -DHAVE_WINDOWS_H -DHAVE_WS2TCPIP_H -DHAVE_WINSOCK2_H -DHAVE_INTTYPES_H -DHAVE_SYS_STAT_H -DHAVE_SYS_TYPES_H -DHAVE_SYS_UTIME_H -DHAVE_FCNTL_H -DHAVE_IO_H -DHAVE_LIBGEN_H -DHAVE_LOCALE_H -DHAVE_STDATOMIC_H -DHAVE_STDBOOL_H -DHAVE_STDINT_H -DHAVE_UNISTD_H -Wl,--whole-archive CMakeFiles\cmTC_3abad.dir/objects.a -Wl,--no-whole-archive -o cmTC_3abad.exe -Wl,--out-implib,libcmTC_3abad.dll.a -Wl,--major-image-version,0,--minor-image-version,0 @CMakeFiles\cmTC_3abad.dir\linkLibs.rsp
C:/msys64/ucrt64/bin/../lib/gcc/x86_64-w64-mingw32/13.2.0/../../../../x86_64-w64-mingw32/bin/ld.exe: CMakeFiles\cmTC_3abad.dir/objects.a(CurlTests.c.obj):CurlTests.c:(.text+0x34): undefined reference to `strerror_r'
collect2.exe: error: ld returned 1 exit status
mingw32-make[1]: *** [CMakeFiles\cmTC_3abad.dir\build.make:100: cmTC_3abad.exe] Error 1
mingw32-make[1]: Leaving directory 'D:/VSCode/PageTitle/PageTitle/build/CMakeFiles/CMakeTmp'
mingw32-make: *** [Makefile:126: cmTC_3abad/fast] Error 2


Performing Curl Test HAVE_BUILTIN_AVAILABLE failed with the following output:
Change Dir: 'D:/VSCode/PageTitle/PageTitle/build/CMakeFiles/CMakeTmp'

Run Build Command(s): "C:/Program Files/CMake/bin/cmake.exe" -E env VERBOSE=1 C:/msys64/ucrt64/bin/mingw32-make.exe -f Makefile cmTC_2cca7/fast
C:/msys64/ucrt64/bin/mingw32-make.exe  -f CMakeFiles\cmTC_2cca7.dir\build.make CMakeFiles/cmTC_2cca7.dir/build
mingw32-make[1]: Entering directory 'D:/VSCode/PageTitle/PageTitle/build/CMakeFiles/CMakeTmp'
Building C object CMakeFiles/cmTC_2cca7.dir/CurlTests.c.obj
C:\msys64\ucrt64\bin\gcc.exe   -W -Wall -pedantic -Wbad-function-cast -Wconversion -Winline -Wmissing-declarations -Wmissing-prototypes -Wnested-externs -Wno-long-long -Wno-multichar -Wpointer-arith -Wshadow -Wsign-compare -Wundef -Wunused -Wwrite-strings -Wcast-align -Wdeclaration-after-statement -Wempty-body -Wendif-labels -Wfloat-equal -Wignored-qualifiers -Wno-format-nonliteral -Wno-sign-conversion -Wno-system-headers -Wstrict-prototypes -Wtype-limits -Wvla -Wmissing-parameter-type -Wold-style-declaration -Wstrict-aliasing=3 -Wno-pedantic-ms-format -Wformat=2 -Warray-bounds=2 -ftree-vrp -Wduplicated-cond -Wnull-dereference -fdelete-null-pointer-checks -Wshift-negative-value -Wshift-overflow=2 -Walloc-zero -Wduplicated-branches -Wformat-overflow=2 -Wformat-truncation=1 -Wrestrict -Warith-conversion -Wdouble-promotion -Wenum-conversion -Wunused-const-variable -DHAVE_BUILTIN_AVAILABLE  -DHAVE_WINDOWS_H -DHAVE_WS2TCPIP_H -DHAVE_WINSOCK2_H -DHAVE_INTTYPES_H -DHAVE_SYS_STAT_H -DHAVE_SYS_TYPES_H -DHAVE_SYS_UTIME_H -DHAVE_FCNTL_H -DHAVE_IO_H -DHAVE_LIBGEN_H -DHAVE_LOCALE_H -DHAVE_STDATOMIC_H -DHAVE_STDBOOL_H -DHAVE_STDINT_H -DHAVE_UNISTD_H -o CMakeFiles\cmTC_2cca7.dir\CurlTests.c.obj -c D:\VSCode\PageTitle\PageTitle\build\_deps\curl-src\CMake\CurlTests.c
D:\VSCode\PageTitle\PageTitle\build\_deps\curl-src\CMake\CurlTests.c:429:1: warning: function declaration isn't a prototype [-Wstrict-prototypes]
  429 | main() {
      | ^~~~
D:\VSCode\PageTitle\PageTitle\build\_deps\curl-src\CMake\CurlTests.c: In function 'main':
D:\VSCode\PageTitle\PageTitle\build\_deps\curl-src\CMake\CurlTests.c:430:6: warning: implicit declaration of function '__builtin_available'; did you mean '__builtin_scalbl'? [-Wimplicit-function-declaration]
  430 |   if(__builtin_available(macOS 10.12, *)) {}
      |      ^~~~~~~~~~~~~~~~~~~
      |      __builtin_scalbl
D:\VSCode\PageTitle\PageTitle\build\_deps\curl-src\CMake\CurlTests.c:430:6: warning: nested extern declaration of '__builtin_available' [-Wnested-externs]
D:\VSCode\PageTitle\PageTitle\build\_deps\curl-src\CMake\CurlTests.c:430:26: error: 'macOS' undeclared (first use in this function)
  430 |   if(__builtin_available(macOS 10.12, *)) {}
      |                          ^~~~~
D:\VSCode\PageTitle\PageTitle\build\_deps\curl-src\CMake\CurlTests.c:430:26: note: each undeclared identifier is reported only once for each function it appears in
D:\VSCode\PageTitle\PageTitle\build\_deps\curl-src\CMake\CurlTests.c:430:31: error: expected ')' before numeric constant
  430 |   if(__builtin_available(macOS 10.12, *)) {}
      |                         ~     ^~~~~~
      |                               )
mingw32-make[1]: *** [CMakeFiles\cmTC_2cca7.dir\build.make:77: CMakeFiles/cmTC_2cca7.dir/CurlTests.c.obj] Error 1
mingw32-make[1]: Leaving directory 'D:/VSCode/PageTitle/PageTitle/build/CMakeFiles/CMakeTmp'
mingw32-make: *** [Makefile:126: cmTC_2cca7/fast] Error 2


